<?xml version="1.0" encoding="UTF-8"?>
<testsuite xmlns:xsi="http://www.w3.org/2001/XMLSchema-instance" xsi:noNamespaceSchemaLocation="https://maven.apache.org/surefire/maven-surefire-plugin/xsd/surefire-test-report-3.0.xsd" version="3.0" name="com.example.project.CalculatorTests" time="0.177" tests="16" errors="0" skipped="1" failures="0">
  <properties>
    <property name="java.specification.version" value="17"/>
    <property name="sun.cpu.isalist" value="amd64"/>
    <property name="sun.jnu.encoding" value="GBK"/>
    <property name="java.class.path" value="C:\Users\段博达\IdeaProjects\SoftwareConstruction5\target\test-classes;C:\Users\段博达\IdeaProjects\SoftwareConstruction5\target\classes;C:\Users\段博达\.m2\repository\org\junit\jupiter\junit-jupiter\5.10.1\junit-jupiter-5.10.1.jar;C:\Users\段博达\.m2\repository\org\junit\jupiter\junit-jupiter-api\5.10.1\junit-jupiter-api-5.10.1.jar;C:\Users\段博达\.m2\repository\org\opentest4j\opentest4j\1.3.0\opentest4j-1.3.0.jar;C:\Users\段博达\.m2\repository\org\junit\platform\junit-platform-commons\1.10.1\junit-platform-commons-1.10.1.jar;C:\Users\段博达\.m2\repository\org\apiguardian\apiguardian-api\1.1.2\apiguardian-api-1.1.2.jar;C:\Users\段博达\.m2\repository\org\junit\jupiter\junit-jupiter-params\5.10.1\junit-jupiter-params-5.10.1.jar;C:\Users\段博达\.m2\repository\org\junit\jupiter\junit-jupiter-engine\5.10.1\junit-jupiter-engine-5.10.1.jar;C:\Users\段博达\.m2\repository\org\junit\platform\junit-platform-engine\1.10.1\junit-platform-engine-1.10.1.jar;C:\Users\段博达\.m2\repository\org\assertj\assertj-core\3.24.2\assertj-core-3.24.2.jar;C:\Users\段博达\.m2\repository\net\bytebuddy\byte-buddy\1.12.21\byte-buddy-1.12.21.jar;"/>
    <property name="java.vm.vendor" value="Oracle Corporation"/>
    <property name="sun.arch.data.model" value="64"/>
    <property name="user.variant" value=""/>
    <property name="java.vendor.url" value="https://java.oracle.com/"/>
    <property name="user.timezone" value="Asia/Shanghai"/>
    <property name="os.name" value="Windows 11"/>
    <property name="java.vm.specification.version" value="17"/>
    <property name="sun.java.launcher" value="SUN_STANDARD"/>
    <property name="user.country" value="CN"/>
    <property name="sun.boot.library.path" value="C:\Program Files\Java\jdk-17.0.4.1\bin"/>
    <property name="sun.java.command" value="C:\Users\段博达\AppData\Local\Temp\surefire17719387768293978934\surefirebooter-20231207174541571_3.jar C:\Users\段博达\AppData\Local\Temp\surefire17719387768293978934 2023-12-07T17-45-37_123-jvmRun1 surefire-20231207174541571_1tmp surefire_0-20231207174541571_2tmp"/>
    <property name="jdk.debug" value="release"/>
    <property name="surefire.test.class.path" value="C:\Users\段博达\IdeaProjects\SoftwareConstruction5\target\test-classes;C:\Users\段博达\IdeaProjects\SoftwareConstruction5\target\classes;C:\Users\段博达\.m2\repository\org\junit\jupiter\junit-jupiter\5.10.1\junit-jupiter-5.10.1.jar;C:\Users\段博达\.m2\repository\org\junit\jupiter\junit-jupiter-api\5.10.1\junit-jupiter-api-5.10.1.jar;C:\Users\段博达\.m2\repository\org\opentest4j\opentest4j\1.3.0\opentest4j-1.3.0.jar;C:\Users\段博达\.m2\repository\org\junit\platform\junit-platform-commons\1.10.1\junit-platform-commons-1.10.1.jar;C:\Users\段博达\.m2\repository\org\apiguardian\apiguardian-api\1.1.2\apiguardian-api-1.1.2.jar;C:\Users\段博达\.m2\repository\org\junit\jupiter\junit-jupiter-params\5.10.1\junit-jupiter-params-5.10.1.jar;C:\Users\段博达\.m2\repository\org\junit\jupiter\junit-jupiter-engine\5.10.1\junit-jupiter-engine-5.10.1.jar;C:\Users\段博达\.m2\repository\org\junit\platform\junit-platform-engine\1.10.1\junit-platform-engine-1.10.1.jar;C:\Users\段博达\.m2\repository\org\assertj\assertj-core\3.24.2\assertj-core-3.24.2.jar;C:\Users\段博达\.m2\repository\net\bytebuddy\byte-buddy\1.12.21\byte-buddy-1.12.21.jar;"/>
    <property name="sun.cpu.endian" value="little"/>
    <property name="user.home" value="C:\Users\段博达"/>
    <property name="user.language" value="zh"/>
    <property name="java.specification.vendor" value="Oracle Corporation"/>
    <property name="java.version.date" value="2022-08-18"/>
    <property name="java.home" value="C:\Program Files\Java\jdk-17.0.4.1"/>
    <property name="file.separator" value="\"/>
    <property name="basedir" value="C:\Users\段博达\IdeaProjects\SoftwareConstruction5"/>
    <property name="java.vm.compressedOopsMode" value="Zero based"/>
    <property name="line.separator" value="&#10;"/>
    <property name="java.vm.specification.vendor" value="Oracle Corporation"/>
    <property name="java.specification.name" value="Java Platform API Specification"/>
    <property name="surefire.real.class.path" value="C:\Users\段博达\AppData\Local\Temp\surefire17719387768293978934\surefirebooter-20231207174541571_3.jar"/>
    <property name="user.script" value=""/>
    <property name="sun.management.compiler" value="HotSpot 64-Bit Tiered Compilers"/>
    <property name="java.runtime.version" value="17.0.4.1+1-LTS-2"/>
    <property name="user.name" value="段博达"/>
    <property name="path.separator" value=";"/>
    <property name="os.version" value="10.0"/>
    <property name="java.runtime.name" value="Java(TM) SE Runtime Environment"/>
    <property name="file.encoding" value="GBK"/>
    <property name="java.vm.name" value="Java HotSpot(TM) 64-Bit Server VM"/>
    <property name="localRepository" value="C:\Users\段博达\.m2\repository"/>
    <property name="java.vendor.url.bug" value="https://bugreport.java.com/bugreport/"/>
    <property name="java.io.tmpdir" value="C:\Users\段博达\AppData\Local\Temp\"/>
    <property name="idea.version" value="2022.2.1"/>
    <property name="java.version" value="17.0.4.1"/>
    <property name="user.dir" value="C:\Users\段博达\IdeaProjects\SoftwareConstruction5"/>
    <property name="os.arch" value="amd64"/>
    <property name="java.vm.specification.name" value="Java Virtual Machine Specification"/>
    <property name="sun.os.patch.level" value=""/>
    <property name="native.encoding" value="GBK"/>
    <property name="java.library.path" value="C:\Program Files\Java\jdk-17.0.4.1\bin;C:\WINDOWS\Sun\Java\bin;C:\WINDOWS\system32;C:\WINDOWS;C:\Program Files\Common Files\Oracle\Java\javapath;D:\段博达\Scripts\;D:;段博达\;%S;stemRoot%\system32;C:\WINDOWS;C:\WINDOWS\System32\Wbem;C:\WINDOWS\System32\WindowsPowerShell\v1.0\;C:\WINDOWS\System32\OpenSSH\;C:\Program Files\Bandizip\;C:\Program Files\Microsoft SQL Server\Client SDK\ODBC\170\Tools\Binn\;C:\Program Files (x86)\Microsoft SQL Server\150\Tools\Binn\;C:\Program Files\Microsoft SQL Server\150\Tools\Binn\;C:\Program Files\Microsoft SQL Server\150\DTS\Binn\;C:\Program Files (x86)\Microsoft SQL Server\150\DTS\Binn\;C:\Program Files\Azure Data Studio\bin;C:\Program Files\Git\cmd;D:\apache-maven-3.9.6\bin;C:\Users\段博达\AppData\Local\Programs\Python\Python311\Scripts\;C:\Users\段博达\AppData\Local\Programs\Python\Python311\;C:\Users\段博达\AppData\Local\Microsoft\WindowsApps;C:\Program Files\Azure Data Studio\bin;D:\PyCharm Community Edition 2023.1.4\bin;;D:\mysql\mysql\bin;;."/>
    <property name="java.vm.info" value="mixed mode, sharing"/>
    <property name="java.vendor" value="Oracle Corporation"/>
    <property name="java.vm.version" value="17.0.4.1+1-LTS-2"/>
    <property name="sun.io.unicode.encoding" value="UnicodeLittle"/>
    <property name="java.class.version" value="61.0"/>
  </properties>
  <testcase name="useCodedValue" classname="com.example.project.CalculatorTests" time="0.022">
    <system-out><![CDATA[init annotatted with @BeforeEach
tearDown annotatted with @AfterEach
]]></system-out>
  </testcase>
  <testcase name="useAssert" classname="com.example.project.CalculatorTests" time="0.006">
    <system-out><![CDATA[init annotatted with @BeforeEach
tearDown annotatted with @AfterEach
]]></system-out>
  </testcase>
  <testcase name="useMethodSource(SimpleTriplet)[1]" classname="com.example.project.CalculatorTests" time="0.015">
    <system-out><![CDATA[init annotatted with @BeforeEach
tearDown annotatted with @AfterEach
]]></system-out>
  </testcase>
  <testcase name="useMethodSource(SimpleTriplet)[2]" classname="com.example.project.CalculatorTests" time="0.001">
    <system-out><![CDATA[init annotatted with @BeforeEach
tearDown annotatted with @AfterEach
]]></system-out>
  </testcase>
  <testcase name="useCsvSource(int, int, int)[1]" classname="com.example.project.CalculatorTests" time="0.003">
    <system-out><![CDATA[init annotatted with @BeforeEach
tearDown annotatted with @AfterEach
]]></system-out>
  </testcase>
  <testcase name="useCsvSource(int, int, int)[2]" classname="com.example.project.CalculatorTests" time="0.0">
    <system-out><![CDATA[init annotatted with @BeforeEach
tearDown annotatted with @AfterEach
]]></system-out>
  </testcase>
  <testcase name="useRepeatedTest(TestInfo, RepetitionInfo)[1]" classname="com.example.project.CalculatorTests" time="0.001">
    <system-out><![CDATA[init annotatted with @BeforeEach
useRepeatedTest -> 1
tearDown annotatted with @AfterEach
]]></system-out>
  </testcase>
  <testcase name="useRepeatedTest(TestInfo, RepetitionInfo)[2]" classname="com.example.project.CalculatorTests" time="0.001">
    <system-out><![CDATA[init annotatted with @BeforeEach
useRepeatedTest -> 2
tearDown annotatted with @AfterEach
]]></system-out>
  </testcase>
  <testcase name="useRepeatedTest(TestInfo, RepetitionInfo)[3]" classname="com.example.project.CalculatorTests" time="0.001">
    <system-out><![CDATA[init annotatted with @BeforeEach
useRepeatedTest -> 3
tearDown annotatted with @AfterEach
]]></system-out>
  </testcase>
  <testcase name="useRepeatedTest(TestInfo, RepetitionInfo)[4]" classname="com.example.project.CalculatorTests" time="0.002">
    <system-out><![CDATA[init annotatted with @BeforeEach
useRepeatedTest -> 4
tearDown annotatted with @AfterEach
]]></system-out>
  </testcase>
  <testcase name="useRepeatedTest(TestInfo, RepetitionInfo)[5]" classname="com.example.project.CalculatorTests" time="0.0">
    <system-out><![CDATA[init annotatted with @BeforeEach
useRepeatedTest -> 5
tearDown annotatted with @AfterEach
]]></system-out>
  </testcase>
  <testcase name="useDisabled" classname="com.example.project.CalculatorTests" time="0.0">
    <skipped message="public void com.example.project.CalculatorTests.useDisabled() is @Disabled"/>
  </testcase>
  <testcase name="useAssertJ" classname="com.example.project.CalculatorTests" time="0.046">
    <system-out><![CDATA[init annotatted with @BeforeEach
tearDown annotatted with @AfterEach
]]></system-out>
  </testcase>
  <testcase name="useValueSource(int)[1]" classname="com.example.project.CalculatorTests" time="0.002">
    <system-out><![CDATA[init annotatted with @BeforeEach
tearDown annotatted with @AfterEach
]]></system-out>
  </testcase>
  <testcase name="useValueSource(int)[2]" classname="com.example.project.CalculatorTests" time="0.001">
    <system-out><![CDATA[init annotatted with @BeforeEach
tearDown annotatted with @AfterEach
]]></system-out>
  </testcase>
  <testcase name="useValueSource(int)[3]" classname="com.example.project.CalculatorTests" time="0.0">
    <system-out><![CDATA[init annotatted with @BeforeEach
tearDown annotatted with @AfterEach
]]></system-out>
  </testcase>
</testsuite>